build/app/intermediates/manifest_merge_blame_file/debug/manifest-merger-blame-debug-report.txt
1<?xml version="1.0" encoding="utf-8"?>
2<manifest xmlns:android="http://schemas.android.com/apk/res/android"
3    package="com.example.uscunionmobile"
4    android:versionCode="1"
5    android:versionName="1.0.0" >
6
7    <uses-sdk
8        android:minSdkVersion="21"
9        android:targetSdkVersion="34" />
10    <!--
11         The INTERNET permission is required for development. Specifically,
12         the Flutter tool needs it to communicate with the running application
13         to allow setting breakpoints, to provide hot reload, etc.
14    -->
15    <uses-permission android:name="android.permission.INTERNET" />
15-->src/debug/AndroidManifest.xml:6:5-66
15-->src/debug/AndroidManifest.xml:6:22-64
16    <!--
17     Required to query activities that can process text, see:
18         https://developer.android.com/training/package-visibility and
19         https://developer.android.com/reference/android/content/Intent#ACTION_PROCESS_TEXT.
20
21         In particular, this is used by the Flutter engine in io.flutter.plugin.text.ProcessTextPlugin.
22    -->
23    <queries>
23-->src/main/AndroidManifest.xml:39:5-44:15
24        <intent>
24-->src/main/AndroidManifest.xml:40:9-43:18
25            <action android:name="android.intent.action.PROCESS_TEXT" />
25-->src/main/AndroidManifest.xml:41:13-72
25-->src/main/AndroidManifest.xml:41:21-70
26
27            <data android:mimeType="text/plain" />
27-->src/main/AndroidManifest.xml:42:13-50
27-->src/main/AndroidManifest.xml:42:19-48
28        </intent>
29
30        <package android:name="com.google.android.apps.maps" />
30-->[:map_launcher] AndroidManifest.xml:8:9-64
30-->[:map_launcher] AndroidManifest.xml:8:18-61
31        <package android:name="com.google.android.apps.mapslite" />
31-->[:map_launcher] AndroidManifest.xml:9:9-68
31-->[:map_launcher] AndroidManifest.xml:9:18-65
32        <package android:name="com.autonavi.minimap" />
32-->[:map_launcher] AndroidManifest.xml:10:9-56
32-->[:map_launcher] AndroidManifest.xml:10:18-53
33        <package android:name="com.baidu.BaiduMap" />
33-->[:map_launcher] AndroidManifest.xml:11:9-54
33-->[:map_launcher] AndroidManifest.xml:11:18-51
34        <package android:name="com.waze" />
34-->[:map_launcher] AndroidManifest.xml:12:9-44
34-->[:map_launcher] AndroidManifest.xml:12:18-41
35        <package android:name="ru.yandex.yandexnavi" />
35-->[:map_launcher] AndroidManifest.xml:13:9-56
35-->[:map_launcher] AndroidManifest.xml:13:18-53
36        <package android:name="ru.yandex.yandexmaps" />
36-->[:map_launcher] AndroidManifest.xml:14:9-56
36-->[:map_launcher] AndroidManifest.xml:14:18-53
37        <package android:name="com.citymapper.app.release" />
37-->[:map_launcher] AndroidManifest.xml:15:9-62
37-->[:map_launcher] AndroidManifest.xml:15:18-59
38        <package android:name="com.mapswithme.maps.pro" />
38-->[:map_launcher] AndroidManifest.xml:16:9-59
38-->[:map_launcher] AndroidManifest.xml:16:18-56
39        <package android:name="net.osmand" />
39-->[:map_launcher] AndroidManifest.xml:17:9-46
39-->[:map_launcher] AndroidManifest.xml:17:18-43
40        <package android:name="net.osmand.plus" />
40-->[:map_launcher] AndroidManifest.xml:18:9-51
40-->[:map_launcher] AndroidManifest.xml:18:18-48
41        <package android:name="ru.dublgis.dgismobile" />
41-->[:map_launcher] AndroidManifest.xml:19:9-57
41-->[:map_launcher] AndroidManifest.xml:19:18-54
42        <package android:name="com.tencent.map" />
42-->[:map_launcher] AndroidManifest.xml:20:9-51
42-->[:map_launcher] AndroidManifest.xml:20:18-48
43        <package android:name="com.here.app.maps" />
43-->[:map_launcher] AndroidManifest.xml:21:9-53
43-->[:map_launcher] AndroidManifest.xml:21:18-50
44        <package android:name="com.huawei.maps.app" />
44-->[:map_launcher] AndroidManifest.xml:22:9-55
44-->[:map_launcher] AndroidManifest.xml:22:18-52
45        <package android:name="com.alk.copilot.mapviewer" />
45-->[:map_launcher] AndroidManifest.xml:23:9-61
45-->[:map_launcher] AndroidManifest.xml:23:18-58
46        <package android:name="com.tomtom.gplay.navapp" />
46-->[:map_launcher] AndroidManifest.xml:24:9-59
46-->[:map_launcher] AndroidManifest.xml:24:18-56
47        <package android:name="com.tomtom.gplay.navapp.gofleet" />
47-->[:map_launcher] AndroidManifest.xml:25:9-67
47-->[:map_launcher] AndroidManifest.xml:25:18-64
48        <package android:name="com.sygic.truck" />
48-->[:map_launcher] AndroidManifest.xml:26:9-51
48-->[:map_launcher] AndroidManifest.xml:26:18-48
49        <package android:name="nl.flitsmeister" />
49-->[:map_launcher] AndroidManifest.xml:27:9-51
49-->[:map_launcher] AndroidManifest.xml:27:18-48
50        <package android:name="nl.flitsmeister.flux" />
50-->[:map_launcher] AndroidManifest.xml:28:9-56
50-->[:map_launcher] AndroidManifest.xml:28:18-53
51        <package android:name="com.nhn.android.nmap" />
51-->[:map_launcher] AndroidManifest.xml:29:9-56
51-->[:map_launcher] AndroidManifest.xml:29:18-53
52        <package android:name="net.daum.android.map" />
52-->[:map_launcher] AndroidManifest.xml:30:9-56
52-->[:map_launcher] AndroidManifest.xml:30:18-53
53        <package android:name="com.skt.tmap.ku" />
53-->[:map_launcher] AndroidManifest.xml:31:9-51
53-->[:map_launcher] AndroidManifest.xml:31:18-48
54        <package android:name="cz.seznam.mapy" />
54-->[:map_launcher] AndroidManifest.xml:32:9-50
54-->[:map_launcher] AndroidManifest.xml:32:18-47
55        <package android:name="com.mmi.maps" />
55-->[:map_launcher] AndroidManifest.xml:33:9-48
55-->[:map_launcher] AndroidManifest.xml:33:18-45
56    </queries>
57
58    <permission
58-->[androidx.core:core:1.13.1] AndroidManifest.xml:22:5-24:47
59        android:name="com.example.uscunionmobile.DYNAMIC_RECEIVER_NOT_EXPORTED_PERMISSION"
59-->[androidx.core:core:1.13.1] AndroidManifest.xml:23:9-81
60        android:protectionLevel="signature" />
60-->[androidx.core:core:1.13.1] AndroidManifest.xml:24:9-44
61
62    <uses-permission android:name="com.example.uscunionmobile.DYNAMIC_RECEIVER_NOT_EXPORTED_PERMISSION" />
62-->[androidx.core:core:1.13.1] AndroidManifest.xml:26:5-97
62-->[androidx.core:core:1.13.1] AndroidManifest.xml:26:22-94
63
64    <application
65        android:name="android.app.Application"
66        android:appComponentFactory="androidx.core.app.CoreComponentFactory"
66-->[androidx.core:core:1.13.1] AndroidManifest.xml:28:18-86
67        android:debuggable="true"
68        android:extractNativeLibs="true"
69        android:icon="@mipmap/ic_launcher"
70        android:label="uscunionmobile" >
71        <activity
72            android:name="com.example.uscunionmobile.MainActivity"
73            android:configChanges="orientation|keyboardHidden|keyboard|screenSize|smallestScreenSize|locale|layoutDirection|fontScale|screenLayout|density|uiMode"
74            android:exported="true"
75            android:hardwareAccelerated="true"
76            android:launchMode="singleTop"
77            android:taskAffinity=""
78            android:theme="@style/LaunchTheme"
79            android:windowSoftInputMode="adjustResize" >
80
81            <!--
82                 Specifies an Android theme to apply to this Activity as soon as
83                 the Android process has started. This theme is visible to the user
84                 while the Flutter UI initializes. After that, this theme continues
85                 to determine the Window background behind the Flutter UI.
86            -->
87            <meta-data
88                android:name="io.flutter.embedding.android.NormalTheme"
89                android:resource="@style/NormalTheme" />
90
91            <intent-filter>
92                <action android:name="android.intent.action.MAIN" />
93
94                <category android:name="android.intent.category.LAUNCHER" />
95            </intent-filter>
96        </activity>
97        <!--
98             Don't delete the meta-data below.
99             This is used by the Flutter tool to generate GeneratedPluginRegistrant.java
100        -->
101        <meta-data
102            android:name="flutterEmbedding"
103            android:value="2" />
104
105        <activity
105-->[:url_launcher_android] AndroidManifest.xml:8:9-11:74
106            android:name="io.flutter.plugins.urllauncher.WebViewActivity"
106-->[:url_launcher_android] AndroidManifest.xml:9:13-74
107            android:exported="false"
107-->[:url_launcher_android] AndroidManifest.xml:10:13-37
108            android:theme="@android:style/Theme.NoTitleBar.Fullscreen" />
108-->[:url_launcher_android] AndroidManifest.xml:11:13-71
109
110        <uses-library
110-->[androidx.window:window:1.2.0] AndroidManifest.xml:23:9-25:40
111            android:name="androidx.window.extensions"
111-->[androidx.window:window:1.2.0] AndroidManifest.xml:24:13-54
112            android:required="false" />
112-->[androidx.window:window:1.2.0] AndroidManifest.xml:25:13-37
113        <uses-library
113-->[androidx.window:window:1.2.0] AndroidManifest.xml:26:9-28:40
114            android:name="androidx.window.sidecar"
114-->[androidx.window:window:1.2.0] AndroidManifest.xml:27:13-51
115            android:required="false" />
115-->[androidx.window:window:1.2.0] AndroidManifest.xml:28:13-37
116
117        <provider
117-->[androidx.lifecycle:lifecycle-process:2.7.0] AndroidManifest.xml:24:9-32:20
118            android:name="androidx.startup.InitializationProvider"
118-->[androidx.lifecycle:lifecycle-process:2.7.0] AndroidManifest.xml:25:13-67
119            android:authorities="com.example.uscunionmobile.androidx-startup"
119-->[androidx.lifecycle:lifecycle-process:2.7.0] AndroidManifest.xml:26:13-68
120            android:exported="false" >
120-->[androidx.lifecycle:lifecycle-process:2.7.0] AndroidManifest.xml:27:13-37
121            <meta-data
121-->[androidx.lifecycle:lifecycle-process:2.7.0] AndroidManifest.xml:29:13-31:52
122                android:name="androidx.lifecycle.ProcessLifecycleInitializer"
122-->[androidx.lifecycle:lifecycle-process:2.7.0] AndroidManifest.xml:30:17-78
123                android:value="androidx.startup" />
123-->[androidx.lifecycle:lifecycle-process:2.7.0] AndroidManifest.xml:31:17-49
124            <meta-data
124-->[androidx.profileinstaller:profileinstaller:1.3.1] AndroidManifest.xml:29:13-31:52
125                android:name="androidx.profileinstaller.ProfileInstallerInitializer"
125-->[androidx.profileinstaller:profileinstaller:1.3.1] AndroidManifest.xml:30:17-85
126                android:value="androidx.startup" />
126-->[androidx.profileinstaller:profileinstaller:1.3.1] AndroidManifest.xml:31:17-49
127        </provider>
128
129        <receiver
129-->[androidx.profileinstaller:profileinstaller:1.3.1] AndroidManifest.xml:34:9-52:20
130            android:name="androidx.profileinstaller.ProfileInstallReceiver"
130-->[androidx.profileinstaller:profileinstaller:1.3.1] AndroidManifest.xml:35:13-76
131            android:directBootAware="false"
131-->[androidx.profileinstaller:profileinstaller:1.3.1] AndroidManifest.xml:36:13-44
132            android:enabled="true"
132-->[androidx.profileinstaller:profileinstaller:1.3.1] AndroidManifest.xml:37:13-35
133            android:exported="true"
133-->[androidx.profileinstaller:profileinstaller:1.3.1] AndroidManifest.xml:38:13-36
134            android:permission="android.permission.DUMP" >
134-->[androidx.profileinstaller:profileinstaller:1.3.1] AndroidManifest.xml:39:13-57
135            <intent-filter>
135-->[androidx.profileinstaller:profileinstaller:1.3.1] AndroidManifest.xml:40:13-42:29
136                <action android:name="androidx.profileinstaller.action.INSTALL_PROFILE" />
136-->[androidx.profileinstaller:profileinstaller:1.3.1] AndroidManifest.xml:41:17-91
136-->[androidx.profileinstaller:profileinstaller:1.3.1] AndroidManifest.xml:41:25-88
137            </intent-filter>
138            <intent-filter>
138-->[androidx.profileinstaller:profileinstaller:1.3.1] AndroidManifest.xml:43:13-45:29
139                <action android:name="androidx.profileinstaller.action.SKIP_FILE" />
139-->[androidx.profileinstaller:profileinstaller:1.3.1] AndroidManifest.xml:44:17-85
139-->[androidx.profileinstaller:profileinstaller:1.3.1] AndroidManifest.xml:44:25-82
140            </intent-filter>
141            <intent-filter>
141-->[androidx.profileinstaller:profileinstaller:1.3.1] AndroidManifest.xml:46:13-48:29
142                <action android:name="androidx.profileinstaller.action.SAVE_PROFILE" />
142-->[androidx.profileinstaller:profileinstaller:1.3.1] AndroidManifest.xml:47:17-88
142-->[androidx.profileinstaller:profileinstaller:1.3.1] AndroidManifest.xml:47:25-85
143            </intent-filter>
144            <intent-filter>
144-->[androidx.profileinstaller:profileinstaller:1.3.1] AndroidManifest.xml:49:13-51:29
145                <action android:name="androidx.profileinstaller.action.BENCHMARK_OPERATION" />
145-->[androidx.profileinstaller:profileinstaller:1.3.1] AndroidManifest.xml:50:17-95
145-->[androidx.profileinstaller:profileinstaller:1.3.1] AndroidManifest.xml:50:25-92
146            </intent-filter>
147        </receiver>
148    </application>
149
150</manifest>